2025-06-04 22:21:33.564 - 1. Connection opened
2025-06-04 22:21:33.594 - SELECT VERSION() AS DBVersion
 {executed in 9 msec}
2025-06-04 22:21:33.600 - 
|----------|
|dbversion |
|----------|
|8.0.42    |
|----------|

2025-06-04 22:21:33.607 - 1. Connection closed
2025-06-04 22:31:56.331 - 1. Connection opened
2025-06-04 22:31:56.363 - SELECT VERSION() AS DBVersion
 {executed in 9 msec}
2025-06-04 22:31:56.372 - 
|----------|
|dbversion |
|----------|
|8.0.42    |
|----------|

2025-06-04 22:31:56.379 - 1. Connection closed
